<?xml version="1.0" encoding="UTF-8"?>
<testng-results ignored="6" total="14" passed="4" failed="4" skipped="0">
  <reporter-output>
    <line>
      <![CDATA[Books page displayed]]>
    </line>
    <line>
      <![CDATA[TestScript executed]]>
    </line>
    <line>
      <![CDATA[Electronics page displayed]]>
    </line>
    <line>
      <![CDATA[TestScript executed]]>
    </line>
    <line>
      <![CDATA[Books page displayed]]>
    </line>
    <line>
      <![CDATA[TestScript executed]]>
    </line>
    <line>
      <![CDATA[Electronics page displayed]]>
    </line>
    <line>
      <![CDATA[TestScript executed]]>
    </line>
  </reporter-output>
  <suite started-at="2024-11-05T12:00:12 IST" name="Suite" finished-at="2024-11-05T12:01:51 IST" duration-ms="99733">
    <groups>
    </groups>
    <test started-at="2024-11-05T12:00:12 IST" name="Test" finished-at="2024-11-05T12:00:56 IST" duration-ms="44419">
      <class name="miniproject.Computers">
        <test-method is-config="true" signature="launchBrowser(java.lang.String)[pri:0, instance:miniproject.Computers@48aca48b]" started-at="2024-11-05T12:00:35 IST" name="launchBrowser" finished-at="2024-11-05T12:00:42 IST" duration-ms="6706" status="PASS">
          <params>
            <param index="0">
              <value>
                <![CDATA[chrome]]>
              </value>
            </param>
          </params>
          <reporter-output>
          </reporter-output>
        </test-method> <!-- launchBrowser -->
        <test-method is-config="true" signature="login()[pri:0, instance:miniproject.Computers@48aca48b]" started-at="2024-11-05T12:00:42 IST" name="login" finished-at="2024-11-05T12:00:44 IST" duration-ms="2242" status="PASS">
          <reporter-output>
          </reporter-output>
        </test-method> <!-- login -->
        <test-method signature="testScript1()[pri:0, instance:miniproject.Computers@48aca48b]" started-at="2024-11-05T12:00:44 IST" name="testScript1" finished-at="2024-11-05T12:00:45 IST" duration-ms="1430" status="FAIL">
          <exception class="java.lang.AssertionError">
            <message>
              <![CDATA[Computers page not displayed expected [Demo Web Shop.] but found [Demo Web Shop. Computers]]]>
            </message>
            <full-stacktrace>
              <![CDATA[java.lang.AssertionError: Computers page not displayed expected [Demo Web Shop.] but found [Demo Web Shop. Computers]
at org.testng.Assert.fail(Assert.java:99)
at org.testng.Assert.failNotEquals(Assert.java:1037)
at org.testng.Assert.assertEqualsImpl(Assert.java:140)
at org.testng.Assert.assertEquals(Assert.java:122)
at org.testng.Assert.assertEquals(Assert.java:629)
at miniproject.Computers.testScript1(Computers.java:21)
at java.base/jdk.internal.reflect.DirectMethodHandleAccessor.invoke(DirectMethodHandleAccessor.java:103)
at java.base/java.lang.reflect.Method.invoke(Method.java:580)
at org.testng.internal.MethodInvocationHelper.invokeMethod(MethodInvocationHelper.java:133)
at org.testng.internal.TestInvoker.invokeMethod(TestInvoker.java:598)
at org.testng.internal.TestInvoker.invokeTestMethod(TestInvoker.java:173)
at org.testng.internal.MethodRunner.runInSequence(MethodRunner.java:46)
at org.testng.internal.TestInvoker$MethodInvocationAgent.invoke(TestInvoker.java:824)
at org.testng.internal.TestInvoker.invokeTestMethods(TestInvoker.java:146)
at org.testng.internal.TestMethodWorker.invokeTestMethods(TestMethodWorker.java:146)
at org.testng.internal.TestMethodWorker.run(TestMethodWorker.java:128)
at java.base/java.util.ArrayList.forEach(ArrayList.java:1597)
at org.testng.TestRunner.privateRun(TestRunner.java:794)
at org.testng.TestRunner.run(TestRunner.java:596)
at org.testng.SuiteRunner.runTest(SuiteRunner.java:377)
at org.testng.SuiteRunner.runSequentially(SuiteRunner.java:371)
at org.testng.SuiteRunner.privateRun(SuiteRunner.java:332)
at org.testng.SuiteRunner.run(SuiteRunner.java:276)
at org.testng.SuiteRunnerWorker.runSuite(SuiteRunnerWorker.java:53)
at org.testng.SuiteRunnerWorker.run(SuiteRunnerWorker.java:96)
at org.testng.TestNG.runSuitesSequentially(TestNG.java:1212)
at org.testng.TestNG.runSuitesLocally(TestNG.java:1134)
at org.testng.TestNG.runSuites(TestNG.java:1063)
at org.testng.TestNG.run(TestNG.java:1031)
at org.testng.remote.AbstractRemoteTestNG.run(AbstractRemoteTestNG.java:115)
at org.testng.remote.RemoteTestNG.initAndRun(RemoteTestNG.java:293)
at org.testng.remote.RemoteTestNG.main(RemoteTestNG.java:91)
]]>
            </full-stacktrace>
          </exception> <!-- java.lang.AssertionError -->
          <reporter-output>
          </reporter-output>
        </test-method> <!-- testScript1 -->
        <test-method is-config="true" signature="logout()[pri:0, instance:miniproject.Computers@48aca48b]" started-at="2024-11-05T12:00:46 IST" name="logout" finished-at="2024-11-05T12:00:46 IST" duration-ms="1" status="PASS">
          <reporter-output>
          </reporter-output>
        </test-method> <!-- logout -->
        <test-method is-config="true" signature="closeBrowser()[pri:0, instance:miniproject.Computers@48aca48b]" started-at="2024-11-05T12:00:46 IST" name="closeBrowser" finished-at="2024-11-05T12:00:46 IST" duration-ms="215" status="PASS">
          <reporter-output>
          </reporter-output>
        </test-method> <!-- closeBrowser -->
      </class> <!-- miniproject.Computers -->
      <class name="miniproject.GiftCards">
        <test-method is-config="true" signature="launchBrowser(java.lang.String)[pri:0, instance:miniproject.GiftCards@13fd2ccd]" started-at="2024-11-05T12:00:46 IST" name="launchBrowser" finished-at="2024-11-05T12:00:52 IST" duration-ms="6383" status="PASS">
          <params>
            <param index="0">
              <value>
                <![CDATA[chrome]]>
              </value>
            </param>
          </params>
          <reporter-output>
          </reporter-output>
        </test-method> <!-- launchBrowser -->
        <test-method is-config="true" signature="login()[pri:0, instance:miniproject.GiftCards@13fd2ccd]" started-at="2024-11-05T12:00:52 IST" name="login" finished-at="2024-11-05T12:00:55 IST" duration-ms="2324" status="PASS">
          <reporter-output>
          </reporter-output>
        </test-method> <!-- login -->
        <test-method signature="testScript3()[pri:0, instance:miniproject.GiftCards@13fd2ccd]" started-at="2024-11-05T12:00:55 IST" name="testScript3" finished-at="2024-11-05T12:00:56 IST" duration-ms="1292" status="FAIL">
          <exception class="java.lang.AssertionError">
            <message>
              <![CDATA[GiftCards page not displayed expected [Demo Web Shop.] but found [Demo Web Shop. Gift Cards]]]>
            </message>
            <full-stacktrace>
              <![CDATA[java.lang.AssertionError: GiftCards page not displayed expected [Demo Web Shop.] but found [Demo Web Shop. Gift Cards]
at org.testng.Assert.fail(Assert.java:99)
at org.testng.Assert.failNotEquals(Assert.java:1037)
at org.testng.Assert.assertEqualsImpl(Assert.java:140)
at org.testng.Assert.assertEquals(Assert.java:122)
at org.testng.Assert.assertEquals(Assert.java:629)
at miniproject.GiftCards.testScript3(GiftCards.java:19)
at java.base/jdk.internal.reflect.DirectMethodHandleAccessor.invoke(DirectMethodHandleAccessor.java:103)
at java.base/java.lang.reflect.Method.invoke(Method.java:580)
at org.testng.internal.MethodInvocationHelper.invokeMethod(MethodInvocationHelper.java:133)
at org.testng.internal.TestInvoker.invokeMethod(TestInvoker.java:598)
at org.testng.internal.TestInvoker.invokeTestMethod(TestInvoker.java:173)
at org.testng.internal.MethodRunner.runInSequence(MethodRunner.java:46)
at org.testng.internal.TestInvoker$MethodInvocationAgent.invoke(TestInvoker.java:824)
at org.testng.internal.TestInvoker.invokeTestMethods(TestInvoker.java:146)
at org.testng.internal.TestMethodWorker.invokeTestMethods(TestMethodWorker.java:146)
at org.testng.internal.TestMethodWorker.run(TestMethodWorker.java:128)
at java.base/java.util.ArrayList.forEach(ArrayList.java:1597)
at org.testng.TestRunner.privateRun(TestRunner.java:794)
at org.testng.TestRunner.run(TestRunner.java:596)
at org.testng.SuiteRunner.runTest(SuiteRunner.java:377)
at org.testng.SuiteRunner.runSequentially(SuiteRunner.java:371)
at org.testng.SuiteRunner.privateRun(SuiteRunner.java:332)
at org.testng.SuiteRunner.run(SuiteRunner.java:276)
at org.testng.SuiteRunnerWorker.runSuite(SuiteRunnerWorker.java:53)
at org.testng.SuiteRunnerWorker.run(SuiteRunnerWorker.java:96)
at org.testng.TestNG.runSuitesSequentially(TestNG.java:1212)
at org.testng.TestNG.runSuitesLocally(TestNG.java:1134)
at org.testng.TestNG.runSuites(TestNG.java:1063)
at org.testng.TestNG.run(TestNG.java:1031)
at org.testng.remote.AbstractRemoteTestNG.run(AbstractRemoteTestNG.java:115)
at org.testng.remote.RemoteTestNG.initAndRun(RemoteTestNG.java:293)
at org.testng.remote.RemoteTestNG.main(RemoteTestNG.java:91)
]]>
            </full-stacktrace>
          </exception> <!-- java.lang.AssertionError -->
          <reporter-output>
          </reporter-output>
        </test-method> <!-- testScript3 -->
        <test-method is-config="true" signature="logout()[pri:0, instance:miniproject.GiftCards@13fd2ccd]" started-at="2024-11-05T12:00:56 IST" name="logout" finished-at="2024-11-05T12:00:56 IST" duration-ms="0" status="PASS">
          <reporter-output>
          </reporter-output>
        </test-method> <!-- logout -->
        <test-method is-config="true" signature="closeBrowser()[pri:0, instance:miniproject.GiftCards@13fd2ccd]" started-at="2024-11-05T12:00:56 IST" name="closeBrowser" finished-at="2024-11-05T12:00:56 IST" duration-ms="189" status="PASS">
          <reporter-output>
          </reporter-output>
        </test-method> <!-- closeBrowser -->
      </class> <!-- miniproject.GiftCards -->
      <class name="miniproject.Electronics">
        <test-method is-config="true" signature="launchBrowser(java.lang.String)[pri:0, instance:miniproject.Electronics@6bd61f98]" started-at="2024-11-05T12:00:23 IST" name="launchBrowser" finished-at="2024-11-05T12:00:31 IST" duration-ms="7164" status="PASS">
          <params>
            <param index="0">
              <value>
                <![CDATA[chrome]]>
              </value>
            </param>
          </params>
          <reporter-output>
          </reporter-output>
        </test-method> <!-- launchBrowser -->
        <test-method is-config="true" signature="login()[pri:0, instance:miniproject.Electronics@6bd61f98]" started-at="2024-11-05T12:00:31 IST" name="login" finished-at="2024-11-05T12:00:33 IST" duration-ms="2912" status="PASS">
          <reporter-output>
          </reporter-output>
        </test-method> <!-- login -->
        <test-method signature="testScript2()[pri:0, instance:miniproject.Electronics@6bd61f98]" started-at="2024-11-05T12:00:33 IST" name="testScript2" finished-at="2024-11-05T12:00:35 IST" duration-ms="1322" status="PASS">
          <reporter-output>
            <line>
              <![CDATA[Electronics page displayed]]>
            </line>
            <line>
              <![CDATA[TestScript executed]]>
            </line>
          </reporter-output>
        </test-method> <!-- testScript2 -->
        <test-method is-config="true" signature="logout()[pri:0, instance:miniproject.Electronics@6bd61f98]" started-at="2024-11-05T12:00:35 IST" name="logout" finished-at="2024-11-05T12:00:35 IST" duration-ms="4" status="PASS">
          <reporter-output>
          </reporter-output>
        </test-method> <!-- logout -->
        <test-method is-config="true" signature="closeBrowser()[pri:0, instance:miniproject.Electronics@6bd61f98]" started-at="2024-11-05T12:00:35 IST" name="closeBrowser" finished-at="2024-11-05T12:00:35 IST" duration-ms="246" status="PASS">
          <reporter-output>
          </reporter-output>
        </test-method> <!-- closeBrowser -->
      </class> <!-- miniproject.Electronics -->
      <class name="miniproject.Books">
        <test-method is-config="true" signature="objectCreation()[pri:0, instance:miniproject.Books@55634720]" started-at="2024-11-05T12:00:12 IST" name="objectCreation" finished-at="2024-11-05T12:00:12 IST" duration-ms="19" status="PASS">
          <reporter-output>
          </reporter-output>
        </test-method> <!-- objectCreation -->
        <test-method is-config="true" signature="launchBrowser(java.lang.String)[pri:0, instance:miniproject.Books@55634720]" started-at="2024-11-05T12:00:12 IST" name="launchBrowser" finished-at="2024-11-05T12:00:19 IST" duration-ms="6798" status="PASS">
          <params>
            <param index="0">
              <value>
                <![CDATA[chrome]]>
              </value>
            </param>
          </params>
          <reporter-output>
          </reporter-output>
        </test-method> <!-- launchBrowser -->
        <test-method is-config="true" signature="login()[pri:0, instance:miniproject.Books@55634720]" started-at="2024-11-05T12:00:19 IST" name="login" finished-at="2024-11-05T12:00:21 IST" duration-ms="2729" status="PASS">
          <reporter-output>
          </reporter-output>
        </test-method> <!-- login -->
        <test-method signature="testScript()[pri:0, instance:miniproject.Books@55634720]" started-at="2024-11-05T12:00:21 IST" name="testScript" finished-at="2024-11-05T12:00:23 IST" duration-ms="1719" status="PASS">
          <reporter-output>
            <line>
              <![CDATA[Books page displayed]]>
            </line>
            <line>
              <![CDATA[TestScript executed]]>
            </line>
          </reporter-output>
        </test-method> <!-- testScript -->
        <test-method is-config="true" signature="logout()[pri:0, instance:miniproject.Books@55634720]" started-at="2024-11-05T12:00:23 IST" name="logout" finished-at="2024-11-05T12:00:23 IST" duration-ms="7" status="PASS">
          <reporter-output>
          </reporter-output>
        </test-method> <!-- logout -->
        <test-method is-config="true" signature="closeBrowser()[pri:0, instance:miniproject.Books@55634720]" started-at="2024-11-05T12:00:23 IST" name="closeBrowser" finished-at="2024-11-05T12:00:23 IST" duration-ms="301" status="PASS">
          <reporter-output>
          </reporter-output>
        </test-method> <!-- closeBrowser -->
      </class> <!-- miniproject.Books -->
    </test> <!-- Test -->
    <test started-at="2024-11-05T12:00:56 IST" name="Test1" finished-at="2024-11-05T12:01:51 IST" duration-ms="55236">
      <class name="miniproject.Computers">
        <test-method is-config="true" signature="launchBrowser(java.lang.String)[pri:0, instance:miniproject.Computers@298a5e20]" started-at="2024-11-05T12:01:17 IST" name="launchBrowser" finished-at="2024-11-05T12:01:35 IST" duration-ms="17727" status="PASS">
          <params>
            <param index="0">
              <value>
                <![CDATA[edge]]>
              </value>
            </param>
          </params>
          <reporter-output>
          </reporter-output>
        </test-method> <!-- launchBrowser -->
        <test-method is-config="true" signature="login()[pri:0, instance:miniproject.Computers@298a5e20]" started-at="2024-11-05T12:01:35 IST" name="login" finished-at="2024-11-05T12:01:38 IST" duration-ms="3324" status="PASS">
          <reporter-output>
          </reporter-output>
        </test-method> <!-- login -->
        <test-method signature="testScript1()[pri:0, instance:miniproject.Computers@298a5e20]" started-at="2024-11-05T12:01:38 IST" name="testScript1" finished-at="2024-11-05T12:01:40 IST" duration-ms="1569" status="FAIL">
          <exception class="java.lang.AssertionError">
            <message>
              <![CDATA[Computers page not displayed expected [Demo Web Shop.] but found [Demo Web Shop. Computers]]]>
            </message>
            <full-stacktrace>
              <![CDATA[java.lang.AssertionError: Computers page not displayed expected [Demo Web Shop.] but found [Demo Web Shop. Computers]
at org.testng.Assert.fail(Assert.java:99)
at org.testng.Assert.failNotEquals(Assert.java:1037)
at org.testng.Assert.assertEqualsImpl(Assert.java:140)
at org.testng.Assert.assertEquals(Assert.java:122)
at org.testng.Assert.assertEquals(Assert.java:629)
at miniproject.Computers.testScript1(Computers.java:21)
at java.base/jdk.internal.reflect.DirectMethodHandleAccessor.invoke(DirectMethodHandleAccessor.java:103)
at java.base/java.lang.reflect.Method.invoke(Method.java:580)
at org.testng.internal.MethodInvocationHelper.invokeMethod(MethodInvocationHelper.java:133)
at org.testng.internal.TestInvoker.invokeMethod(TestInvoker.java:598)
at org.testng.internal.TestInvoker.invokeTestMethod(TestInvoker.java:173)
at org.testng.internal.MethodRunner.runInSequence(MethodRunner.java:46)
at org.testng.internal.TestInvoker$MethodInvocationAgent.invoke(TestInvoker.java:824)
at org.testng.internal.TestInvoker.invokeTestMethods(TestInvoker.java:146)
at org.testng.internal.TestMethodWorker.invokeTestMethods(TestMethodWorker.java:146)
at org.testng.internal.TestMethodWorker.run(TestMethodWorker.java:128)
at java.base/java.util.ArrayList.forEach(ArrayList.java:1597)
at org.testng.TestRunner.privateRun(TestRunner.java:794)
at org.testng.TestRunner.run(TestRunner.java:596)
at org.testng.SuiteRunner.runTest(SuiteRunner.java:377)
at org.testng.SuiteRunner.runSequentially(SuiteRunner.java:371)
at org.testng.SuiteRunner.privateRun(SuiteRunner.java:332)
at org.testng.SuiteRunner.run(SuiteRunner.java:276)
at org.testng.SuiteRunnerWorker.runSuite(SuiteRunnerWorker.java:53)
at org.testng.SuiteRunnerWorker.run(SuiteRunnerWorker.java:96)
at org.testng.TestNG.runSuitesSequentially(TestNG.java:1212)
at org.testng.TestNG.runSuitesLocally(TestNG.java:1134)
at org.testng.TestNG.runSuites(TestNG.java:1063)
at org.testng.TestNG.run(TestNG.java:1031)
at org.testng.remote.AbstractRemoteTestNG.run(AbstractRemoteTestNG.java:115)
at org.testng.remote.RemoteTestNG.initAndRun(RemoteTestNG.java:293)
at org.testng.remote.RemoteTestNG.main(RemoteTestNG.java:91)
]]>
            </full-stacktrace>
          </exception> <!-- java.lang.AssertionError -->
          <reporter-output>
          </reporter-output>
        </test-method> <!-- testScript1 -->
        <test-method is-config="true" signature="logout()[pri:0, instance:miniproject.Computers@298a5e20]" started-at="2024-11-05T12:01:40 IST" name="logout" finished-at="2024-11-05T12:01:40 IST" duration-ms="0" status="PASS">
          <reporter-output>
          </reporter-output>
        </test-method> <!-- logout -->
        <test-method is-config="true" signature="closeBrowser()[pri:0, instance:miniproject.Computers@298a5e20]" started-at="2024-11-05T12:01:40 IST" name="closeBrowser" finished-at="2024-11-05T12:01:40 IST" duration-ms="319" status="PASS">
          <reporter-output>
          </reporter-output>
        </test-method> <!-- closeBrowser -->
      </class> <!-- miniproject.Computers -->
      <class name="miniproject.GiftCards">
        <test-method is-config="true" signature="launchBrowser(java.lang.String)[pri:0, instance:miniproject.GiftCards@2a7f1f10]" started-at="2024-11-05T12:01:40 IST" name="launchBrowser" finished-at="2024-11-05T12:01:47 IST" duration-ms="6367" status="PASS">
          <params>
            <param index="0">
              <value>
                <![CDATA[edge]]>
              </value>
            </param>
          </params>
          <reporter-output>
          </reporter-output>
        </test-method> <!-- launchBrowser -->
        <test-method is-config="true" signature="login()[pri:0, instance:miniproject.GiftCards@2a7f1f10]" started-at="2024-11-05T12:01:47 IST" name="login" finished-at="2024-11-05T12:01:49 IST" duration-ms="2262" status="PASS">
          <reporter-output>
          </reporter-output>
        </test-method> <!-- login -->
        <test-method signature="testScript3()[pri:0, instance:miniproject.GiftCards@2a7f1f10]" started-at="2024-11-05T12:01:49 IST" name="testScript3" finished-at="2024-11-05T12:01:51 IST" duration-ms="2057" status="FAIL">
          <exception class="java.lang.AssertionError">
            <message>
              <![CDATA[GiftCards page not displayed expected [Demo Web Shop.] but found [Demo Web Shop. Gift Cards]]]>
            </message>
            <full-stacktrace>
              <![CDATA[java.lang.AssertionError: GiftCards page not displayed expected [Demo Web Shop.] but found [Demo Web Shop. Gift Cards]
at org.testng.Assert.fail(Assert.java:99)
at org.testng.Assert.failNotEquals(Assert.java:1037)
at org.testng.Assert.assertEqualsImpl(Assert.java:140)
at org.testng.Assert.assertEquals(Assert.java:122)
at org.testng.Assert.assertEquals(Assert.java:629)
at miniproject.GiftCards.testScript3(GiftCards.java:19)
at java.base/jdk.internal.reflect.DirectMethodHandleAccessor.invoke(DirectMethodHandleAccessor.java:103)
at java.base/java.lang.reflect.Method.invoke(Method.java:580)
at org.testng.internal.MethodInvocationHelper.invokeMethod(MethodInvocationHelper.java:133)
at org.testng.internal.TestInvoker.invokeMethod(TestInvoker.java:598)
at org.testng.internal.TestInvoker.invokeTestMethod(TestInvoker.java:173)
at org.testng.internal.MethodRunner.runInSequence(MethodRunner.java:46)
at org.testng.internal.TestInvoker$MethodInvocationAgent.invoke(TestInvoker.java:824)
at org.testng.internal.TestInvoker.invokeTestMethods(TestInvoker.java:146)
at org.testng.internal.TestMethodWorker.invokeTestMethods(TestMethodWorker.java:146)
at org.testng.internal.TestMethodWorker.run(TestMethodWorker.java:128)
at java.base/java.util.ArrayList.forEach(ArrayList.java:1597)
at org.testng.TestRunner.privateRun(TestRunner.java:794)
at org.testng.TestRunner.run(TestRunner.java:596)
at org.testng.SuiteRunner.runTest(SuiteRunner.java:377)
at org.testng.SuiteRunner.runSequentially(SuiteRunner.java:371)
at org.testng.SuiteRunner.privateRun(SuiteRunner.java:332)
at org.testng.SuiteRunner.run(SuiteRunner.java:276)
at org.testng.SuiteRunnerWorker.runSuite(SuiteRunnerWorker.java:53)
at org.testng.SuiteRunnerWorker.run(SuiteRunnerWorker.java:96)
at org.testng.TestNG.runSuitesSequentially(TestNG.java:1212)
at org.testng.TestNG.runSuitesLocally(TestNG.java:1134)
at org.testng.TestNG.runSuites(TestNG.java:1063)
at org.testng.TestNG.run(TestNG.java:1031)
at org.testng.remote.AbstractRemoteTestNG.run(AbstractRemoteTestNG.java:115)
at org.testng.remote.RemoteTestNG.initAndRun(RemoteTestNG.java:293)
at org.testng.remote.RemoteTestNG.main(RemoteTestNG.java:91)
]]>
            </full-stacktrace>
          </exception> <!-- java.lang.AssertionError -->
          <reporter-output>
          </reporter-output>
        </test-method> <!-- testScript3 -->
        <test-method is-config="true" signature="logout()[pri:0, instance:miniproject.GiftCards@2a7f1f10]" started-at="2024-11-05T12:01:51 IST" name="logout" finished-at="2024-11-05T12:01:51 IST" duration-ms="0" status="PASS">
          <reporter-output>
          </reporter-output>
        </test-method> <!-- logout -->
        <test-method is-config="true" signature="closeBrowser()[pri:0, instance:miniproject.GiftCards@2a7f1f10]" started-at="2024-11-05T12:01:51 IST" name="closeBrowser" finished-at="2024-11-05T12:01:51 IST" duration-ms="377" status="PASS">
          <reporter-output>
          </reporter-output>
        </test-method> <!-- closeBrowser -->
      </class> <!-- miniproject.GiftCards -->
      <class name="miniproject.Electronics">
        <test-method is-config="true" signature="launchBrowser(java.lang.String)[pri:0, instance:miniproject.Electronics@2ddc9a9f]" started-at="2024-11-05T12:01:07 IST" name="launchBrowser" finished-at="2024-11-05T12:01:10 IST" duration-ms="3895" status="PASS">
          <params>
            <param index="0">
              <value>
                <![CDATA[edge]]>
              </value>
            </param>
          </params>
          <reporter-output>
          </reporter-output>
        </test-method> <!-- launchBrowser -->
        <test-method is-config="true" signature="login()[pri:0, instance:miniproject.Electronics@2ddc9a9f]" started-at="2024-11-05T12:01:10 IST" name="login" finished-at="2024-11-05T12:01:16 IST" duration-ms="5338" status="PASS">
          <reporter-output>
          </reporter-output>
        </test-method> <!-- login -->
        <test-method signature="testScript2()[pri:0, instance:miniproject.Electronics@2ddc9a9f]" started-at="2024-11-05T12:01:16 IST" name="testScript2" finished-at="2024-11-05T12:01:17 IST" duration-ms="1111" status="PASS">
          <reporter-output>
            <line>
              <![CDATA[Electronics page displayed]]>
            </line>
            <line>
              <![CDATA[TestScript executed]]>
            </line>
          </reporter-output>
        </test-method> <!-- testScript2 -->
        <test-method is-config="true" signature="logout()[pri:0, instance:miniproject.Electronics@2ddc9a9f]" started-at="2024-11-05T12:01:17 IST" name="logout" finished-at="2024-11-05T12:01:17 IST" duration-ms="0" status="PASS">
          <reporter-output>
          </reporter-output>
        </test-method> <!-- logout -->
        <test-method is-config="true" signature="closeBrowser()[pri:0, instance:miniproject.Electronics@2ddc9a9f]" started-at="2024-11-05T12:01:17 IST" name="closeBrowser" finished-at="2024-11-05T12:01:17 IST" duration-ms="263" status="PASS">
          <reporter-output>
          </reporter-output>
        </test-method> <!-- closeBrowser -->
      </class> <!-- miniproject.Electronics -->
      <class name="miniproject.Books">
        <test-method is-config="true" signature="objectCreation()[pri:0, instance:miniproject.Books@2e385cce]" started-at="2024-11-05T12:00:56 IST" name="objectCreation" finished-at="2024-11-05T12:00:56 IST" duration-ms="0" status="PASS">
          <reporter-output>
          </reporter-output>
        </test-method> <!-- objectCreation -->
        <test-method is-config="true" signature="launchBrowser(java.lang.String)[pri:0, instance:miniproject.Books@2e385cce]" started-at="2024-11-05T12:00:56 IST" name="launchBrowser" finished-at="2024-11-05T12:01:02 IST" duration-ms="6111" status="PASS">
          <params>
            <param index="0">
              <value>
                <![CDATA[edge]]>
              </value>
            </param>
          </params>
          <reporter-output>
          </reporter-output>
        </test-method> <!-- launchBrowser -->
        <test-method is-config="true" signature="login()[pri:0, instance:miniproject.Books@2e385cce]" started-at="2024-11-05T12:01:02 IST" name="login" finished-at="2024-11-05T12:01:05 IST" duration-ms="2265" status="PASS">
          <reporter-output>
          </reporter-output>
        </test-method> <!-- login -->
        <test-method signature="testScript()[pri:0, instance:miniproject.Books@2e385cce]" started-at="2024-11-05T12:01:05 IST" name="testScript" finished-at="2024-11-05T12:01:06 IST" duration-ms="1628" status="PASS">
          <reporter-output>
            <line>
              <![CDATA[Books page displayed]]>
            </line>
            <line>
              <![CDATA[TestScript executed]]>
            </line>
          </reporter-output>
        </test-method> <!-- testScript -->
        <test-method is-config="true" signature="logout()[pri:0, instance:miniproject.Books@2e385cce]" started-at="2024-11-05T12:01:06 IST" name="logout" finished-at="2024-11-05T12:01:06 IST" duration-ms="7" status="PASS">
          <reporter-output>
          </reporter-output>
        </test-method> <!-- logout -->
        <test-method is-config="true" signature="closeBrowser()[pri:0, instance:miniproject.Books@2e385cce]" started-at="2024-11-05T12:01:06 IST" name="closeBrowser" finished-at="2024-11-05T12:01:07 IST" duration-ms="322" status="PASS">
          <reporter-output>
          </reporter-output>
        </test-method> <!-- closeBrowser -->
      </class> <!-- miniproject.Books -->
    </test> <!-- Test1 -->
  </suite> <!-- Suite -->
</testng-results>
